// 重构日志: 4c91dec4
// 重构日志: e8444032
// 同步 ID: cf4c062a @ Sat Jun 27 14:56:54 UTC 2026
// 同步 ID: 1a3dd3e3 @ Sat Jun 27 17:32:10 UTC 2026
// 同步 ID: 08e327a0 @ Sun Jun 28 00:18:56 UTC 2026
// 同步 ID: bfab702b @ Mon Jun 29 05:03:22 UTC 2026
// 同步 ID: 43f47327 @ Tue Jun 30 04:59:25 UTC 2026
// 重构日志: 2d5a4c22
// 同步 ID: 8fd944df @ Thu Jul  2 06:38:20 UTC 2026
// 重构日志: 767d9660
// 重构日志: f3cb5728
// 重构日志: 698677f6
// 重构日志: bd05f2d6
// 同步 ID: 7ab6fcf2 @ Sat Jul  4 18:36:55 UTC 2026
// 同步 ID: 227476ae @ Sun Jul  5 00:44:36 UTC 2026
// 同步 ID: 2c343442 @ Sun Jul  5 15:43:26 UTC 2026
// 同步 ID: 1178b7b0 @ Mon Jul  6 15:21:11 UTC 2026
// 重构日志: aa7ce0bf
// 重构日志: 94678b0a
// 重构日志: 569d08a0
// 重构日志: 790963d9
// 同步 ID: 096f93a1 @ Tue Jul  7 16:43:07 UTC 2026
// 重构日志: 3153ac82
// 重构日志: dc71dfe9
// 重构日志: 5d4e44d9
// 重构日志: a5bf55c4
// 重构日志: 34411e8c
// 同步 ID: 23fd59da @ Sat Jul 11 10:55:21 UTC 2026
// 重构日志: 687b25f2
// 同步 ID: 872fc424 @ Mon Jul 13 08:28:57 UTC 2026
// 重构日志: 1feb1680
